============================= test session starts =============================
platform win32 -- Python 3.14.2, pytest-9.0.2, pluggy-1.6.0 -- C:\Python314\python.exe
cachedir: .pytest_cache
metadata: {'Python': '3.14.2', 'Platform': 'Windows-10-10.0.19045-SP0', 'Packages': {'pytest': '9.0.2', 'pluggy': '1.6.0'}, 'Plugins': {'asyncio': '1.3.0', 'cov': '7.1.0', 'json-report': '1.5.0', 'metadata': '3.1.1', 'anyio': '4.12.1'}}
rootdir: G:\Model_Mesh
plugins: asyncio-1.3.0, cov-7.1.0, json-report-1.5.0, metadata-3.1.1, anyio-4.12.1
asyncio: mode=Mode.STRICT, debug=False, asyncio_default_fixture_loop_scope=None, asyncio_default_test_loop_scope=function
collecting ... collected 231 items

tests/test_agents.py::TestListAgents::test_list_agents_returns_200 PASSED [  0%]
tests/test_agents.py::TestListAgents::test_list_agents_returns_list_or_dict PASSED [  0%]
tests/test_agents.py::TestListAgents::test_list_agents_no_auth_rejected PASSED [  1%]
tests/test_agents.py::TestAgentDefaults::test_agent_defaults_returns_200 PASSED [  1%]
tests/test_agents.py::TestAgentDefaults::test_agent_defaults_returns_dict PASSED [  2%]
tests/test_agents.py::TestAgentCRUD::test_create_agent_has_id PASSED     [  2%]
tests/test_agents.py::TestAgentCRUD::test_get_agent_by_id PASSED         [  3%]
tests/test_agents.py::TestAgentCRUD::test_get_agent_404_for_nonexistent PASSED [  3%]
tests/test_agents.py::TestAgentCRUD::test_update_agent_description PASSED [  3%]
tests/test_agents.py::TestAgentCRUD::test_update_nonexistent_agent_returns_404 PASSED [  4%]
tests/test_agents.py::TestAgentCRUD::test_delete_agent_returns_success PASSED [  4%]
tests/test_agents.py::TestAgentCRUD::test_delete_nonexistent_agent_returns_404 PASSED [  5%]
tests/test_agents.py::TestCreateAgentValidation::test_create_agent_missing_required_fields_returns_422 PASSED [  5%]
tests/test_chat.py::TestChatCompletions::test_chat_completions_basic FAILED [  6%]
tests/test_chat.py::TestChatCompletions::test_chat_completions_with_model_override PASSED [  6%]
tests/test_chat.py::TestChatCompletions::test_chat_completions_empty_messages PASSED [  6%]
tests/test_chat.py::TestChatCompletions::test_chat_completions_no_body PASSED [  7%]
tests/test_chat.py::TestChatCompletions::test_chat_completions_system_message FAILED [  7%]
tests/test_chat.py::TestChatCompletions::test_chat_completions_multi_turn FAILED [  8%]
tests/test_collaboration.py::TestCollabUsers::test_list_users PASSED     [  8%]
tests/test_collaboration.py::TestCollabUsers::test_create_user PASSED    [  9%]
tests/test_collaboration.py::TestCollabUsers::test_update_user PASSED    [  9%]
tests/test_collaboration.py::TestCollabUsers::test_delete_user PASSED    [  9%]
tests/test_collaboration.py::TestCollabWorkspaces::test_list_workspaces PASSED [ 10%]
tests/test_collaboration.py::TestCollabWorkspaces::test_create_workspace PASSED [ 10%]
tests/test_collaboration.py::TestCollabWorkspaces::test_update_workspace PASSED [ 11%]
tests/test_collaboration.py::TestCollabWorkspaces::test_delete_workspace PASSED [ 11%]
tests/test_collaboration.py::TestCollabHandoffs::test_list_handoffs PASSED [ 12%]
tests/test_collaboration.py::TestCollabHandoffs::test_create_handoff PASSED [ 12%]
tests/test_collaboration.py::TestCollabHandoffs::test_accept_handoff PASSED [ 12%]
tests/test_collaboration.py::TestCollabAudit::test_get_audit_log PASSED  [ 13%]
tests/test_collaboration.py::TestCollabAudit::test_create_audit_entry PASSED [ 13%]
tests/test_conversations.py::TestListConversations::test_list_conversations_returns_200 PASSED [ 14%]
tests/test_conversations.py::TestListConversations::test_list_conversations_returns_list_or_dict PASSED [ 14%]
tests/test_conversations.py::TestConversationCRUD::test_create_conversation_has_id PASSED [ 15%]
tests/test_conversations.py::TestConversationCRUD::test_get_conversation_by_id PASSED [ 15%]
tests/test_conversations.py::TestConversationCRUD::test_get_conversation_404_for_nonexistent FAILED [ 16%]
tests/test_conversations.py::TestConversationCRUD::test_update_conversation_title PASSED [ 16%]
tests/test_conversations.py::TestConversationCRUD::test_update_nonexistent_conversation_returns_404 FAILED [ 16%]
tests/test_conversations.py::TestConversationCRUD::test_delete_conversation_returns_success PASSED [ 17%]
tests/test_conversations.py::TestConversationCRUD::test_delete_nonexistent_conversation_returns_404 FAILED [ 17%]
tests/test_conversations.py::TestConversationMessages::test_list_messages_returns_200 PASSED [ 18%]
tests/test_conversations.py::TestConversationMessages::test_list_messages_returns_list_or_dict PASSED [ 18%]
tests/test_conversations.py::TestConversationMessages::test_list_messages_404_for_nonexistent_conversation FAILED [ 19%]
tests/test_conversations.py::TestConversationMessages::test_create_message_returns_success PASSED [ 19%]
tests/test_conversations.py::TestConversationMessages::test_create_message_missing_content_returns_422 PASSED [ 19%]
tests/test_conversations.py::TestMessageImageUpdate::test_update_message_image_returns_success_or_422 PASSED [ 20%]
tests/test_conversations.py::TestMessageImageUpdate::test_update_nonexistent_message_image_returns_404 PASSED [ 20%]
tests/test_conversations.py::TestConversationCleanup::test_cleanup_endpoint_returns_200_or_204 PASSED [ 21%]
tests/test_health.py::TestBasicHealth::test_health_returns_200 PASSED    [ 21%]
tests/test_health.py::TestBasicHealth::test_health_response_has_status PASSED [ 22%]
tests/test_health.py::TestSystemHealth::test_system_health_returns_200 PASSED [ 22%]
tests/test_health.py::TestSystemHealth::test_system_health_is_json PASSED [ 22%]
tests/test_health.py::TestSystemInfo::test_system_info_returns_200 PASSED [ 23%]
tests/test_health.py::TestSystemInfo::test_system_info_has_expected_fields PASSED [ 23%]
tests/test_health.py::TestSystemProcesses::test_system_processes_returns_200 PASSED [ 24%]
tests/test_health.py::TestSystemProcesses::test_system_processes_returns_list_or_dict PASSED [ 24%]
tests/test_health.py::TestSystemLogs::test_system_logs_returns_200 PASSED [ 25%]
tests/test_health.py::TestSystemLogs::test_system_logs_returns_list_or_dict PASSED [ 25%]
tests/test_health.py::TestSystemSnapshots::test_list_snapshots_returns_200 PASSED [ 25%]
tests/test_health.py::TestSystemSnapshots::test_list_snapshots_returns_list_or_dict PASSED [ 26%]
tests/test_health.py::TestSystemSnapshots::test_create_snapshot_returns_success PASSED [ 26%]
tests/test_health.py::TestSystemSnapshots::test_create_snapshot_returns_json PASSED [ 27%]
tests/test_health.py::TestSystemRestart::test_restart_requires_auth PASSED [ 27%]
tests/test_health.py::TestSystemRestart::test_restart_with_auth SKIPPED  [ 28%]
tests/test_identity.py::TestIdentityStatus::test_identity_status_returns_200 PASSED [ 28%]
tests/test_identity.py::TestIdentityStatus::test_identity_status_returns_dict PASSED [ 29%]
tests/test_identity.py::TestIdentitySoul::test_get_soul_returns_200 PASSED [ 29%]
tests/test_identity.py::TestIdentitySoul::test_get_soul_returns_content PASSED [ 29%]
tests/test_identity.py::TestIdentitySoul::test_put_soul_updates_content PASSED [ 30%]
tests/test_identity.py::TestIdentitySoul::test_put_soul_missing_content_returns_422 PASSED [ 30%]
tests/test_identity.py::TestIdentityUser::test_get_identity_user_returns_200 PASSED [ 31%]
tests/test_identity.py::TestIdentityUser::test_get_identity_user_returns_dict PASSED [ 31%]
tests/test_identity.py::TestIdentityUser::test_put_identity_user_updates PASSED [ 32%]
tests/test_identity.py::TestIdentityFile::test_get_identity_file_returns_200 PASSED [ 32%]
tests/test_identity.py::TestIdentityFile::test_get_identity_file_returns_dict PASSED [ 32%]
tests/test_identity.py::TestIdentityFile::test_put_identity_file_updates PASSED [ 33%]
tests/test_identity.py::TestIdentitySetup::test_setup_endpoint_returns_success_or_already_setup PASSED [ 33%]
tests/test_images.py::TestListImages::test_list_images_returns_200 PASSED [ 34%]
tests/test_images.py::TestListImages::test_list_images_returns_list_or_dict PASSED [ 34%]
tests/test_images.py::TestImageUpload::test_upload_image_returns_success PASSED [ 35%]
tests/test_images.py::TestImageUpload::test_upload_no_file_returns_422 PASSED [ 35%]
tests/test_images.py::TestImageByID::test_get_image_by_id PASSED         [ 35%]
tests/test_images.py::TestImageByID::test_get_image_404_for_nonexistent PASSED [ 36%]
tests/test_images.py::TestImageByID::test_download_image PASSED          [ 36%]
tests/test_images.py::TestImageByID::test_download_nonexistent_image_returns_404 PASSED [ 37%]
tests/test_images.py::TestImageByID::test_delete_image_returns_success PASSED [ 37%]
tests/test_images.py::TestImageByID::test_delete_nonexistent_image_returns_404 PASSED [ 38%]
tests/test_images.py::TestImageVariations::test_variations_nonexistent_image_returns_404 PASSED [ 38%]
tests/test_images.py::TestImageVariations::test_variations_with_real_image FAILED [ 38%]
tests/test_images.py::TestImageGeneration::test_generation_returns_success_or_no_provider PASSED [ 39%]
tests/test_images.py::TestImageGeneration::test_generation_missing_prompt_returns_422 PASSED [ 39%]
tests/test_images.py::TestImageEdit::test_edit_no_file_returns_422 PASSED [ 40%]
tests/test_images.py::TestImageEdit::test_edit_with_image_returns_result_or_no_provider FAILED [ 40%]
tests/test_methods.py::TestListMethods::test_list_methods_returns_200 PASSED [ 41%]
tests/test_methods.py::TestListMethods::test_list_methods_returns_list_or_dict PASSED [ 41%]
tests/test_methods.py::TestActiveMethods::test_get_active_method_returns_200_or_204 PASSED [ 41%]
tests/test_methods.py::TestActiveMethods::test_get_active_method_prompt_returns_200_or_204 PASSED [ 42%]
tests/test_methods.py::TestActivateMethod::test_activate_nonexistent_method_returns_404_or_422 PASSED [ 42%]
tests/test_methods.py::TestActivateMethod::test_activate_first_available_method SKIPPED [ 43%]
tests/test_methods.py::TestMethodStack::test_get_or_set_stack_returns_success PASSED [ 43%]
tests/test_methods.py::TestMethodStack::test_add_to_stack_missing_id_returns_422 PASSED [ 44%]
tests/test_methods.py::TestMethodStack::test_remove_from_stack_missing_id_returns_422 PASSED [ 44%]
tests/test_methods.py::TestMethodStack::test_delete_stack_clears_it PASSED [ 45%]
tests/test_methods.py::TestGetMethodById::test_get_method_by_id_returns_200_or_404 PASSED [ 45%]
tests/test_methods.py::TestGetMethodById::test_get_first_real_method SKIPPED [ 45%]
tests/test_misc.py::TestModelLookup::test_lookup_known_model PASSED      [ 46%]
tests/test_misc.py::TestModelLookup::test_lookup_unknown_model PASSED    [ 46%]
tests/test_misc.py::TestModelLookup::test_suggestions_ollama PASSED      [ 47%]
tests/test_misc.py::TestModelLookup::test_suggestions_openrouter PASSED  [ 47%]
tests/test_misc.py::TestModelLookup::test_suggestions_unknown_provider PASSED [ 48%]
tests/test_misc.py::TestModelSync::test_sync_status PASSED               [ 48%]
tests/test_misc.py::TestModelSync::test_run_sync PASSED                  [ 48%]
tests/test_misc.py::TestModelValidate::test_validate_model PASSED        [ 49%]
tests/test_misc.py::TestModelValidate::test_validate_empty FAILED        [ 49%]
tests/test_misc.py::TestTasks::test_list_tasks PASSED                    [ 50%]
tests/test_misc.py::TestTasks::test_create_task PASSED                   [ 50%]
tests/test_misc.py::TestTasks::test_get_task PASSED                      [ 51%]
tests/test_misc.py::TestTasks::test_acknowledge_task PASSED              [ 51%]
tests/test_misc.py::TestTasks::test_notifications PASSED                 [ 51%]
tests/test_misc.py::TestContext::test_get_memory PASSED                  [ 52%]
tests/test_misc.py::TestContext::test_update_memory PASSED               [ 52%]
tests/test_misc.py::TestContext::test_get_snapshots PASSED               [ 53%]
tests/test_misc.py::TestContext::test_recover_nonexistent PASSED         [ 53%]
tests/test_misc.py::TestHardware::test_hardware_status PASSED            [ 54%]
tests/test_misc.py::TestHardware::test_hardware_check_model PASSED       [ 54%]
tests/test_misc.py::TestUserAndMemory::test_get_user_profile PASSED      [ 54%]
tests/test_misc.py::TestUserAndMemory::test_update_user_profile PASSED   [ 55%]
tests/test_misc.py::TestUserAndMemory::test_list_memory_files PASSED     [ 55%]
tests/test_misc.py::TestUserAndMemory::test_create_memory_file PASSED    [ 56%]
tests/test_misc.py::TestUserAndMemory::test_get_memory_file PASSED       [ 56%]
tests/test_misc.py::TestUserAndMemory::test_update_memory_file PASSED    [ 57%]
tests/test_misc.py::TestUserAndMemory::test_delete_memory_file PASSED    [ 57%]
tests/test_misc.py::TestUserAndMemory::test_get_modifications PASSED     [ 58%]
tests/test_misc.py::TestProviders::test_list_providers PASSED            [ 58%]
tests/test_models.py::TestListModels::test_list_models_returns_200 PASSED [ 58%]
tests/test_models.py::TestListModels::test_list_models_returns_list_or_dict PASSED [ 59%]
tests/test_models.py::TestListModels::test_list_models_no_auth_rejected PASSED [ 59%]
tests/test_models.py::TestModelCRUD::test_create_model_returns_id PASSED [ 60%]
tests/test_models.py::TestModelCRUD::test_get_model_by_id PASSED         [ 60%]
tests/test_models.py::TestModelCRUD::test_get_model_404_for_nonexistent PASSED [ 61%]
tests/test_models.py::TestModelCRUD::test_update_model_description PASSED [ 61%]
tests/test_models.py::TestModelCRUD::test_update_model_404_for_nonexistent PASSED [ 61%]
tests/test_models.py::TestModelCRUD::test_delete_model_returns_success PASSED [ 62%]
tests/test_models.py::TestModelCRUD::test_delete_model_404_for_nonexistent PASSED [ 62%]
tests/test_models.py::TestCreateModelValidation::test_create_model_missing_required_fields_returns_422 PASSED [ 63%]
tests/test_models.py::TestModelsByProvider::test_get_models_by_provider_returns_200_or_404 PASSED [ 63%]
tests/test_models.py::TestModelsByProvider::test_get_models_by_unknown_provider PASSED [ 64%]
tests/test_personas.py::TestListPersonas::test_list_personas_returns_200 PASSED [ 64%]
tests/test_personas.py::TestListPersonas::test_list_personas_returns_list_or_dict PASSED [ 64%]
tests/test_personas.py::TestListPersonas::test_list_personas_no_auth_rejected PASSED [ 65%]
tests/test_personas.py::TestPersonaCRUD::test_create_persona_has_id PASSED [ 65%]
tests/test_personas.py::TestPersonaCRUD::test_get_persona_by_id PASSED   [ 66%]
tests/test_personas.py::TestPersonaCRUD::test_get_persona_404_for_nonexistent PASSED [ 66%]
tests/test_personas.py::TestPersonaCRUD::test_update_persona_description PASSED [ 67%]
tests/test_personas.py::TestPersonaCRUD::test_update_persona_system_prompt PASSED [ 67%]
tests/test_personas.py::TestPersonaCRUD::test_update_nonexistent_persona_returns_404 FAILED [ 67%]
tests/test_personas.py::TestPersonaCRUD::test_delete_persona_returns_success PASSED [ 68%]
tests/test_personas.py::TestPersonaCRUD::test_delete_nonexistent_persona_returns_404 FAILED [ 68%]
tests/test_personas.py::TestCreatePersonaValidation::test_create_persona_missing_name_returns_422 PASSED [ 69%]
tests/test_preferences.py::TestPreferences::test_list_preferences PASSED [ 69%]
tests/test_preferences.py::TestPreferences::test_create_preference PASSED [ 70%]
tests/test_preferences.py::TestPreferences::test_update_preference PASSED [ 70%]
tests/test_preferences.py::TestPreferences::test_delete_preference PASSED [ 70%]
tests/test_preferences.py::TestPreferences::test_detect_preferences PASSED [ 71%]
tests/test_preferences.py::TestPreferences::test_create_preference_with_category PASSED [ 71%]
tests/test_preferences.py::TestPreferences::test_create_duplicate_key PASSED [ 72%]
tests/test_projects.py::TestProjectTemplates::test_list_templates_returns_200 PASSED [ 72%]
tests/test_projects.py::TestProjectTemplates::test_list_templates_returns_list_or_dict PASSED [ 73%]
tests/test_projects.py::TestListProjects::test_list_projects_returns_200 PASSED [ 73%]
tests/test_projects.py::TestListProjects::test_list_projects_returns_list_or_dict PASSED [ 74%]
tests/test_projects.py::TestProjectCRUD::test_create_project_has_id PASSED [ 74%]
tests/test_projects.py::TestProjectCRUD::test_get_project_by_id PASSED   [ 74%]
tests/test_projects.py::TestProjectCRUD::test_get_project_404_for_nonexistent PASSED [ 75%]
tests/test_projects.py::TestProjectCRUD::test_update_project_description PASSED [ 75%]
tests/test_projects.py::TestProjectCRUD::test_update_nonexistent_project_returns_404 PASSED [ 76%]
tests/test_projects.py::TestProjectCRUD::test_delete_project_returns_success PASSED [ 76%]
tests/test_projects.py::TestProjectCRUD::test_delete_nonexistent_project_returns_404 PASSED [ 77%]
tests/test_projects.py::TestProjectFiles::test_list_project_files_returns_200_or_404 PASSED [ 77%]
tests/test_projects.py::TestProjectFiles::test_read_project_file_nonexistent_returns_404 PASSED [ 77%]
tests/test_projects.py::TestProjectFiles::test_list_files_404_for_nonexistent_project PASSED [ 78%]
tests/test_projects.py::TestProjectSandbox::test_get_sandbox_status_returns_200_or_404 PASSED [ 78%]
tests/test_projects.py::TestProjectSandbox::test_post_sandbox_returns_success_or_error PASSED [ 79%]
tests/test_remote.py::TestRemoteHealth::test_remote_health FAILED        [ 79%]
tests/test_remote.py::TestRemoteHealth::test_tailscale_info PASSED       [ 80%]
tests/test_remote.py::TestRemoteSessions::test_list_sessions PASSED      [ 80%]
tests/test_remote.py::TestRemoteSessions::test_create_session PASSED     [ 80%]
tests/test_remote.py::TestRemoteSessions::test_get_session PASSED        [ 81%]
tests/test_remote.py::TestRemoteSessions::test_cancel_session PASSED     [ 81%]
tests/test_remote.py::TestRemoteSessions::test_delete_session PASSED     [ 82%]
tests/test_remote.py::TestRemoteSessions::test_get_nonexistent_session PASSED [ 82%]
tests/test_remote.py::TestTelegram::test_telegram_status PASSED          [ 83%]
tests/test_remote.py::TestTelegram::test_telegram_webhook_info PASSED    [ 83%]
tests/test_remote.py::TestTelegram::test_telegram_send_no_token PASSED   [ 83%]
tests/test_settings.py::TestApiKeys::test_list_api_keys PASSED           [ 84%]
tests/test_settings.py::TestApiKeys::test_set_api_key FAILED             [ 84%]
tests/test_settings.py::TestApiKeys::test_get_api_key_masked PASSED      [ 85%]
tests/test_settings.py::TestApiKeys::test_delete_api_key PASSED          [ 85%]
tests/test_settings.py::TestApiKeys::test_delete_nonexistent_key PASSED  [ 86%]
tests/test_settings.py::TestAppSettings::test_list_app_settings PASSED   [ 86%]
tests/test_settings.py::TestAppSettings::test_set_app_setting PASSED     [ 87%]
tests/test_settings.py::TestAppSettings::test_get_app_setting PASSED     [ 87%]
tests/test_settings.py::TestAppSettings::test_update_app_setting PASSED  [ 87%]
tests/test_settings.py::TestAppSettings::test_get_nonexistent_setting PASSED [ 88%]
tests/test_settings.py::TestAppSettings::test_known_settings PASSED      [ 88%]
tests/test_settings.py::TestAppSettings::test_cleanup_test_setting PASSED [ 89%]
tests/test_stats.py::TestStats::test_get_costs_default PASSED            [ 89%]
tests/test_stats.py::TestStats::test_get_costs_custom_period PASSED      [ 90%]
tests/test_stats.py::TestStats::test_get_costs_one_day PASSED            [ 90%]
tests/test_stats.py::TestStats::test_get_usage_default PASSED            [ 90%]
tests/test_stats.py::TestStats::test_get_usage_custom_period PASSED      [ 91%]
tests/test_stats.py::TestStats::test_success_rate_valid_range PASSED     [ 91%]
tests/test_stats.py::TestStats::test_by_model_structure PASSED           [ 92%]
tests/test_stats.py::TestStats::test_by_provider_structure PASSED        [ 92%]
tests/test_workbench.py::TestListWorkbenchSessions::test_list_sessions_returns_200 PASSED [ 93%]
tests/test_workbench.py::TestListWorkbenchSessions::test_list_sessions_returns_list_or_dict PASSED [ 93%]
tests/test_workbench.py::TestWorkbenchSessionCRUD::test_create_session_has_id PASSED [ 93%]
tests/test_workbench.py::TestWorkbenchSessionCRUD::test_get_session_by_id PASSED [ 94%]
tests/test_workbench.py::TestWorkbenchSessionCRUD::test_get_session_404_for_nonexistent PASSED [ 94%]
tests/test_workbench.py::TestWorkbenchSessionCRUD::test_send_message_returns_success_or_error PASSED [ 95%]
tests/test_workbench.py::TestWorkbenchSessionCRUD::test_cancel_session_returns_success_or_not_running PASSED [ 95%]
tests/test_workbench.py::TestWorkbenchSessionCRUD::test_delete_session_returns_success PASSED [ 96%]
tests/test_workbench.py::TestWorkbenchSessionCRUD::test_delete_nonexistent_session_returns_404 FAILED [ 96%]
tests/test_workbench.py::TestWorkbenchSessionStream::test_stream_nonexistent_session_returns_404 PASSED [ 96%]
tests/test_workbench.py::TestWorkbenchSessionStream::test_stream_valid_session_returns_sse_or_no_content PASSED [ 97%]
tests/test_workflows.py::TestWorkflows::test_list_workflows PASSED       [ 97%]
tests/test_workflows.py::TestWorkflows::test_get_workflow_by_id PASSED   [ 98%]
tests/test_workflows.py::TestWorkflows::test_get_nonexistent_workflow PASSED [ 98%]
tests/test_workflows.py::TestComfyUI::test_comfyui_status PASSED         [ 99%]
tests/test_workflows.py::TestComfyUI::test_comfyui_checkpoints PASSED    [ 99%]
tests/test_workflows.py::TestComfyUI::test_comfyui_loras PASSED          [100%]

================================== FAILURES ===================================
_______________ TestChatCompletions.test_chat_completions_basic _______________

self = <test_chat.TestChatCompletions object at 0x000001C08F246850>
client = <httpx.Client object at 0x000001C08F389940>

    def test_chat_completions_basic(self, client):
        """POST /v1/chat/completions with a simple message."""
        payload = {
            "messages": [
                {"role": "user", "content": "Say hello in exactly 3 words."}
            ],
            "model": "default"
        }
        r = client.post("/v1/chat/completions", json=payload, timeout=60.0)
>       assert r.status_code == 200
E       assert 404 == 200
E        +  where 404 = <Response [404 Not Found]>.status_code

tests\test_chat.py:24: AssertionError
__________ TestChatCompletions.test_chat_completions_system_message ___________

self = <test_chat.TestChatCompletions object at 0x000001C08F24B9B0>
client = <httpx.Client object at 0x000001C08F389940>

    def test_chat_completions_system_message(self, client):
        """POST /v1/chat/completions with system + user messages."""
        payload = {
            "messages": [
                {"role": "system", "content": "You are a helpful assistant. Always respond in uppercase."},
                {"role": "user", "content": "Say hi."}
            ],
            "model": "default"
        }
        r = client.post("/v1/chat/completions", json=payload, timeout=60.0)
>       assert r.status_code == 200
E       assert 404 == 200
E        +  where 404 = <Response [404 Not Found]>.status_code

tests\test_chat.py:63: AssertionError
____________ TestChatCompletions.test_chat_completions_multi_turn _____________

self = <test_chat.TestChatCompletions object at 0x000001C08F25A030>
client = <httpx.Client object at 0x000001C08F389940>

    def test_chat_completions_multi_turn(self, client):
        """POST /v1/chat/completions with multi-turn conversation."""
        payload = {
            "messages": [
                {"role": "user", "content": "My name is TestBot."},
                {"role": "assistant", "content": "Hello TestBot!"},
                {"role": "user", "content": "What is my name?"}
            ],
            "model": "default"
        }
        r = client.post("/v1/chat/completions", json=payload, timeout=60.0)
>       assert r.status_code == 200
E       assert 404 == 200
E        +  where 404 = <Response [404 Not Found]>.status_code

tests\test_chat.py:76: AssertionError
_______ TestConversationCRUD.test_get_conversation_404_for_nonexistent ________

self = <test_conversations.TestConversationCRUD object at 0x000001C08F2256E0>
client = <httpx.Client object at 0x000001C08F389940>

    def test_get_conversation_404_for_nonexistent(self, client):
        """GET /v1/conversations/{id} with a nonexistent id should return 404."""
        r = client.get("/v1/conversations/nonexistent-fake-id-99999")
>       assert r.status_code == 404, f"Expected 404, got {r.status_code}: {r.text}"
E       AssertionError: Expected 404, got 500: Internal Server Error
E       assert 500 == 404
E        +  where 500 = <Response [500 Internal Server Error]>.status_code

tests\test_conversations.py:64: AssertionError
____ TestConversationCRUD.test_update_nonexistent_conversation_returns_404 ____

self = <test_conversations.TestConversationCRUD object at 0x000001C08F24BBF0>
client = <httpx.Client object at 0x000001C08F389940>

    def test_update_nonexistent_conversation_returns_404(self, client):
        """PATCH /v1/conversations/{id} with bogus id should return 404."""
        r = client.patch("/v1/conversations/nonexistent-fake-id-99999", json={"title": "x"})
>       assert r.status_code == 404, f"Expected 404, got {r.status_code}: {r.text}"
E       AssertionError: Expected 404, got 500: Internal Server Error
E       assert 500 == 404
E        +  where 500 = <Response [500 Internal Server Error]>.status_code

tests\test_conversations.py:77: AssertionError
____ TestConversationCRUD.test_delete_nonexistent_conversation_returns_404 ____

self = <test_conversations.TestConversationCRUD object at 0x000001C08F25BBD0>
client = <httpx.Client object at 0x000001C08F389940>

    def test_delete_nonexistent_conversation_returns_404(self, client):
        """DELETE /v1/conversations/{id} with bogus id should return 404."""
        r = client.delete("/v1/conversations/nonexistent-fake-id-99999")
>       assert r.status_code == 404, f"Expected 404, got {r.status_code}: {r.text}"
E       AssertionError: Expected 404, got 500: Internal Server Error
E       assert 500 == 404
E        +  where 500 = <Response [500 Internal Server Error]>.status_code

tests\test_conversations.py:88: AssertionError
_ TestConversationMessages.test_list_messages_404_for_nonexistent_conversation _

self = <test_conversations.TestConversationMessages object at 0x000001C08F3FC050>
client = <httpx.Client object at 0x000001C08F389940>

    def test_list_messages_404_for_nonexistent_conversation(self, client):
        """GET /v1/conversations/{id}/messages with bogus id should return 404."""
        r = client.get("/v1/conversations/nonexistent-fake-id-99999/messages")
>       assert r.status_code == 404, f"Expected 404, got {r.status_code}: {r.text}"
E       AssertionError: Expected 404, got 500: Internal Server Error
E       assert 500 == 404
E        +  where 500 = <Response [500 Internal Server Error]>.status_code

tests\test_conversations.py:119: AssertionError
_____________ TestImageVariations.test_variations_with_real_image _____________

self = <test_images.TestImageVariations object at 0x000001C08F426D50>
client = <httpx.Client object at 0x000001C08F389940>

    @pytest.mark.slow
    def test_variations_with_real_image(self, client):
        """POST /v1/images/{id}/variations should return 200 or indicate no provider."""
        img_id = _upload_test_image(client)
        if not img_id:
            pytest.skip("Image upload not available")
        try:
            r = client.post(f"/v1/images/{img_id}/variations", json={})
>           assert r.status_code in (200, 201, 422, 503), f"Unexpected: {r.status_code}: {r.text}"
E           AssertionError: Unexpected: 400: {"detail":"Model 'upload' does not support image generation"}
E           assert 400 in (200, 201, 422, 503)
E            +  where 400 = <Response [400 Bad Request]>.status_code

tests\test_images.py:141: AssertionError
______ TestImageEdit.test_edit_with_image_returns_result_or_no_provider _______

self = <test_images.TestImageEdit object at 0x000001C08F427250>
client = <httpx.Client object at 0x000001C08F389940>

    @pytest.mark.slow
    def test_edit_with_image_returns_result_or_no_provider(self, client):
        """POST /v1/images/edit with an image should return 200 or 422/503."""
        import base64
        png_bytes = (
            b"\x89PNG\r\n\x1a\n\x00\x00\x00\rIHDR\x00\x00\x00\x01\x00\x00\x00\x01"
            b"\x08\x02\x00\x00\x00\x90wS\xde\x00\x00\x00\x0cIDATx\x9cc\xf8\x0f\x00"
            b"\x00\x01\x01\x00\x05\x18\xd8N\x00\x00\x00\x00IEND\xaeB`\x82"
        )
        r = client.post("/v1/images/edit", json={
            "source_base64": base64.b64encode(png_bytes).decode(),
            "source_mime": "image/png",
            "prompt": "Make it red"
        })
>       assert r.status_code in (200, 201, 422, 503), f"Unexpected: {r.status_code}: {r.text}"
E       AssertionError: Unexpected: 400: {"detail":"Gemini image edit failed: {\n  \"error\": {\n    \"code\": 400,\n    \"message\": \"Unable to process input image. Please retry or report in https://developers.generativeai.google/guide/troubleshooting\",\n    \"status\": \"INVALID_ARGUMENT\""}
E       assert 400 in (200, 201, 422, 503)
E        +  where 400 = <Response [400 Bad Request]>.status_code

tests\test_images.py:184: AssertionError
____________________ TestModelValidate.test_validate_empty ____________________

self = <test_misc.TestModelValidate object at 0x000001C08F41C190>
client = <httpx.Client object at 0x000001C08F389940>

    def test_validate_empty(self, client):
        """POST /v1/model-validate with empty body."""
        r = client.post("/v1/model-validate", json={})
>       assert r.status_code in (200, 422)
E       assert 404 in (200, 422)
E        +  where 404 = <Response [404 Not Found]>.status_code

tests\test_misc.py:74: AssertionError
_________ TestPersonaCRUD.test_update_nonexistent_persona_returns_404 _________

self = <test_personas.TestPersonaCRUD object at 0x000001C08F3B4050>
client = <httpx.Client object at 0x000001C08F389940>

    def test_update_nonexistent_persona_returns_404(self, client):
        """PATCH /v1/personas/{id} with bogus id should return 404."""
        r = client.patch("/v1/personas/nonexistent-fake-id-99999", json={"description": "x"})
>       assert r.status_code == 404, f"Expected 404, got {r.status_code}: {r.text}"
E       AssertionError: Expected 404, got 500: Internal Server Error
E       assert 500 == 404
E        +  where 500 = <Response [500 Internal Server Error]>.status_code

tests\test_personas.py:91: AssertionError
_________ TestPersonaCRUD.test_delete_nonexistent_persona_returns_404 _________

self = <test_personas.TestPersonaCRUD object at 0x000001C08F027A50>
client = <httpx.Client object at 0x000001C08F389940>

    def test_delete_nonexistent_persona_returns_404(self, client):
        """DELETE /v1/personas/{id} with bogus id should return 404."""
        r = client.delete("/v1/personas/nonexistent-fake-id-99999")
>       assert r.status_code == 404, f"Expected 404, got {r.status_code}: {r.text}"
E       AssertionError: Expected 404, got 500: Internal Server Error
E       assert 500 == 404
E        +  where 500 = <Response [500 Internal Server Error]>.status_code

tests\test_personas.py:102: AssertionError
_____________________ TestRemoteHealth.test_remote_health _____________________

self = <test_remote.TestRemoteHealth object at 0x000001C08F41F110>
client = <httpx.Client object at 0x000001C08F389940>

    def test_remote_health(self, client):
        """GET /v1/remote/health returns system health."""
        r = client.get("/v1/remote/health")
>       assert r.status_code == 200
E       assert 500 == 200
E        +  where 500 = <Response [500 Internal Server Error]>.status_code

tests\test_remote.py:17: AssertionError
________________________ TestApiKeys.test_set_api_key _________________________

self = <test_settings.TestApiKeys object at 0x000001C08F41F890>
client = <httpx.Client object at 0x000001C08F389940>

    def test_set_api_key(self, client):
        """PUT /v1/api-keys/{provider} sets a key."""
        r = client.put("/v1/api-keys/test_provider", json={
            "value": "test_key_abc123"
        })
>       assert r.status_code in (200, 201)
E       assert 404 in (200, 201)
E        +  where 404 = <Response [404 Not Found]>.status_code

tests\test_settings.py:25: AssertionError
____ TestWorkbenchSessionCRUD.test_delete_nonexistent_session_returns_404 _____

self = <test_workbench.TestWorkbenchSessionCRUD object at 0x000001C08F519480>
client = <httpx.Client object at 0x000001C08F389940>

    def test_delete_nonexistent_session_returns_404(self, client):
        """DELETE /v1/workbench/sessions/{id} with bogus id should return 404."""
        r = client.delete("/v1/workbench/sessions/nonexistent-fake-id-99999")
>       assert r.status_code == 404, f"Expected 404, got {r.status_code}: {r.text}"
E       AssertionError: Expected 404, got 200: {"ok":true}
E       assert 200 == 404
E        +  where 200 = <Response [200 OK]>.status_code

tests\test_workbench.py:89: AssertionError
--------------------------------- JSON report ---------------------------------
report saved to: G:\Model_Mesh\tests\reports\pytest_results_2026-04-02_140234.json
=========================== short test summary info ===========================
FAILED tests/test_chat.py::TestChatCompletions::test_chat_completions_basic
FAILED tests/test_chat.py::TestChatCompletions::test_chat_completions_system_message
FAILED tests/test_chat.py::TestChatCompletions::test_chat_completions_multi_turn
FAILED tests/test_conversations.py::TestConversationCRUD::test_get_conversation_404_for_nonexistent
FAILED tests/test_conversations.py::TestConversationCRUD::test_update_nonexistent_conversation_returns_404
FAILED tests/test_conversations.py::TestConversationCRUD::test_delete_nonexistent_conversation_returns_404
FAILED tests/test_conversations.py::TestConversationMessages::test_list_messages_404_for_nonexistent_conversation
FAILED tests/test_images.py::TestImageVariations::test_variations_with_real_image
FAILED tests/test_images.py::TestImageEdit::test_edit_with_image_returns_result_or_no_provider
FAILED tests/test_misc.py::TestModelValidate::test_validate_empty - assert 40...
FAILED tests/test_personas.py::TestPersonaCRUD::test_update_nonexistent_persona_returns_404
FAILED tests/test_personas.py::TestPersonaCRUD::test_delete_nonexistent_persona_returns_404
FAILED tests/test_remote.py::TestRemoteHealth::test_remote_health - assert 50...
FAILED tests/test_settings.py::TestApiKeys::test_set_api_key - assert 404 in ...
FAILED tests/test_workbench.py::TestWorkbenchSessionCRUD::test_delete_nonexistent_session_returns_404
================= 15 failed, 213 passed, 3 skipped in 58.49s ==================
